<?xml version="1.0" encoding="UTF-8"?>
<!-- Generated by org.testng.reporters.JUnitXMLReporter -->
<testsuite ignored="0" hostname="DESKTOP-4S95062" failures="3" tests="6" name="TC_LOGINTEST_001" time="30.33" errors="0" timestamp="03 Oct 2021 05:48:06 GMT">
  <testcase classname="com.netbanking.TestCases.TC_LoginTest_001" name="loginTest" time="1.621"/>
  <testcase classname="com.netbanking.TestCases.Tc_LoginDDT_002" name="LoginDDT" time="4.444"/>
  <testcase classname="com.netbanking.TestCases.Tc_LoginDDT_002" name="LoginDDT" time="2.016">
    <failure type="java.lang.AssertionError" message="expected [true] but found [false]">
      <![CDATA[java.lang.AssertionError: expected [true] but found [false]
at com.netbanking.TestCases.Tc_LoginDDT_002.LoginDDT(Tc_LoginDDT_002.java:65)
... Removed 29 stack frames]]>
    </failure>
  </testcase> <!-- LoginDDT -->
  <testcase classname="com.netbanking.TestCases.Tc_LoginDDT_002" name="LoginDDT" time="2.405">
    <failure type="java.lang.AssertionError" message="expected [true] but found [false]">
      <![CDATA[java.lang.AssertionError: expected [true] but found [false]
at com.netbanking.TestCases.Tc_LoginDDT_002.LoginDDT(Tc_LoginDDT_002.java:65)
... Removed 29 stack frames]]>
    </failure>
  </testcase> <!-- LoginDDT -->
  <testcase classname="com.netbanking.TestCases.Tc_LoginDDT_002" name="LoginDDT" time="0.017">
    <failure type="java.lang.IllegalArgumentException" message="Keys to send should be a not null CharSequence">
      <![CDATA[java.lang.IllegalArgumentException: Keys to send should be a not null CharSequence
at org.openqa.selenium.remote.RemoteWebElement.sendKeys(RemoteWebElement.java:97)
at org.openqa.selenium.support.pagefactory.internal.LocatingElementHandler.invoke(LocatingElementHandler.java:51)
at jdk.proxy2/jdk.proxy2.$Proxy14.sendKeys(Unknown Source)
at com.netbanking.TestCases.Tc_LoginDDT_002.LoginDDT(Tc_LoginDDT_002.java:54)
... Removed 29 stack frames]]>
    </failure>
  </testcase> <!-- LoginDDT -->
  <testcase classname="com.netbanking.TestCases.Tc_NewCustomerTest_003" name="AddNewCustomer" time="4.848"/>
</testsuite> <!-- TC_LOGINTEST_001 -->
